#
# There is insufficient memory for the Java Runtime Environment to continue.
# Native memory allocation (mmap) failed to map 134217728 bytes for Failed to commit area from 0x0000000081c00000 to 0x0000000089c00000 of length 134217728.
# Possible reasons:
#   The system is out of physical RAM or swap space
#   The process is running with CompressedOops enabled, and the Java Heap may be blocking the growth of the native heap
# Possible solutions:
#   Reduce memory load on the system
#   Increase physical memory or swap space
#   Check if swap backing store is full
#   Decrease Java heap size (-Xmx/-Xms)
#   Decrease number of Java threads
#   Decrease Java thread stack sizes (-Xss)
#   Set larger code cache with -XX:ReservedCodeCacheSize=
# This output file may be truncated or incomplete.
#
#  Out of Memory Error (t:/workspace/open/src/hotspot/os/windows/os_windows.cpp:3271), pid=12868, tid=11824
#
# JRE version:  (11.0.6+8) (build )
# Java VM: Java HotSpot(TM) 64-Bit Server VM (11.0.6+8-LTS, mixed mode, sharing, tiered, compressed oops, g1 gc, windows-amd64)
# No core dump will be written. Minidumps are not enabled by default on client versions of Windows
#

---------------  S U M M A R Y ------------

Command Line: -Dcom.sun.management.jmxremote -Dcom.sun.management.jmxremote.port=61711 -Dcom.sun.management.jmxremote.authenticate=false -Dcom.sun.management.jmxremote.ssl=false -Djava.rmi.server.hostname=localhost -Dspring.jmx.enabled=true -Dspring.liveBeansView.mbeanDomain -Dspring.application.admin.enabled=true -Xverify:none -XX:TieredStopAtLevel=1 -Dspring.boot.project.name=Estoque -Dfile.encoding=UTF-8 br.com.fapen.estoque.EstoqueApplication

Host: Intel(R) Core(TM) i7-4500U CPU @ 1.80GHz, 4 cores, 7G,  Windows 10 , 64 bit Build 18362 (10.0.18362.329)
Time: Mon Mar 23 16:22:31 2020 Hora oficial do Brasil elapsed time: 0 seconds (0d 0h 0m 0s)

---------------  T H R E A D  ---------------

Current thread (0x0000029e91d6e800):  JavaThread "Unknown thread" [_thread_in_vm, id=11824, stack(0x000000cae0800000,0x000000cae0900000)]

Stack: [0x000000cae0800000,0x000000cae0900000]
Native frames: (J=compiled Java code, j=interpreted, Vv=VM code, C=native code)
V  [jvm.dll+0x63679a]
V  [jvm.dll+0x7755bf]
V  [jvm.dll+0x776c65]
V  [jvm.dll+0x7772d3]
V  [jvm.dll+0x25e7f8]
V  [jvm.dll+0x633c4a]
V  [jvm.dll+0x628625]
V  [jvm.dll+0x314a7c]
V  [jvm.dll+0x314902]
V  [jvm.dll+0x31a176]
V  [jvm.dll+0x36650f]
V  [jvm.dll+0x365f30]
V  [jvm.dll+0x2f1a78]
V  [jvm.dll+0x2f2bf6]
V  [jvm.dll+0x74e707]
V  [jvm.dll+0x74fe7f]
V  [jvm.dll+0x373349]
V  [jvm.dll+0x734e5e]
V  [jvm.dll+0x3e2b5d]
V  [jvm.dll+0x3e4ef1]
C  [javaw.exe+0x3617]
C  [javaw.exe+0x17e2c]
C  [KERNEL32.DLL+0x17bd4]
C  [ntdll.dll+0x6ced1]


---------------  P R O C E S S  ---------------

Threads class SMR info:
_java_thread_list=0x0000029e8fc876b0, length=0, elements={
}

Java Threads: ( => current thread )

Other Threads:
  0x0000029e91d85800 GCTaskThread "GC Thread#0" [stack: 0x000000cae0900000,0x000000cae0a00000] [id=7224]
  0x0000029e91db7000 ConcurrentGCThread "G1 Main Marker" [stack: 0x000000cae0a00000,0x000000cae0b00000] [id=7180]
  0x0000029e91db8800 ConcurrentGCThread "G1 Conc#0" [stack: 0x000000cae0b00000,0x000000cae0c00000] [id=220]

[error occurred during error reporting (printing all threads), id 0xc0000005, EXCEPTION_ACCESS_VIOLATION (0xc0000005) at pc=0x00007ffb0bcd0207]

VM state:not at safepoint (not fully initialized)

VM Mutex/Monitor currently owned by a thread:  ([mutex/lock_event])
[0x0000029e91d6b930] Heap_lock - owner thread: 0x0000029e91d6e800

Heap address: 0x0000000081c00000, size: 2020 MB, Compressed Oops mode: Non-zero based: 0x0000000081c00000
Narrow klass base: 0x0000000000000000, Narrow klass shift: 0

GC Heap History (0 events):
No events

Deoptimization events (0 events):
No events

Classes redefined (0 events):
No events

Internal exceptions (0 events):
No events

Events (0 events):
No events


Dynamic libraries:
0x00007ff761ae0000 - 0x00007ff761b27000 	C:\Program Files\Java\jdk-11.0.6\bin\javaw.exe
0x00007ffb43b80000 - 0x00007ffb43d70000 	C:\WINDOWS\SYSTEM32\ntdll.dll
0x00007ffb420a0000 - 0x00007ffb42152000 	C:\WINDOWS\System32\KERNEL32.DLL
0x00007ffb40d10000 - 0x00007ffb40fb3000 	C:\WINDOWS\System32\KERNELBASE.dll
0x00007ffb421d0000 - 0x00007ffb42273000 	C:\WINDOWS\System32\ADVAPI32.dll
0x00007ffb42e00000 - 0x00007ffb42e9e000 	C:\WINDOWS\System32\msvcrt.dll
0x00007ffb42900000 - 0x00007ffb42997000 	C:\WINDOWS\System32\sechost.dll
0x00007ffb41f80000 - 0x00007ffb420a0000 	C:\WINDOWS\System32\RPCRT4.dll
0x00007ffb42ac0000 - 0x00007ffb42c54000 	C:\WINDOWS\System32\USER32.dll
0x00007ffb40b10000 - 0x00007ffb40b31000 	C:\WINDOWS\System32\win32u.dll
0x00007ffb428d0000 - 0x00007ffb428f6000 	C:\WINDOWS\System32\GDI32.dll
0x00007ffb41310000 - 0x00007ffb414a4000 	C:\WINDOWS\System32\gdi32full.dll
0x00007ffb40b40000 - 0x00007ffb40bde000 	C:\WINDOWS\System32\msvcp_win.dll
0x00007ffb41010000 - 0x00007ffb4110a000 	C:\WINDOWS\System32\ucrtbase.dll
0x00007ffb317a0000 - 0x00007ffb31a25000 	C:\WINDOWS\WinSxS\amd64_microsoft.windows.common-controls_6595b64144ccf1df_6.0.18362.720_none_e6beb5c51314836b\COMCTL32.dll
0x00007ffb422a0000 - 0x00007ffb425d6000 	C:\WINDOWS\System32\combase.dll
0x00007ffb40c90000 - 0x00007ffb40d10000 	C:\WINDOWS\System32\bcryptPrimitives.dll
0x00007ffb2f8f0000 - 0x00007ffb2f8fa000 	C:\WINDOWS\SYSTEM32\VERSION.dll
0x00007ffb41f50000 - 0x00007ffb41f7e000 	C:\WINDOWS\System32\IMM32.DLL
0x00007ffb3ee40000 - 0x00007ffb3ee56000 	C:\Program Files\Java\jdk-11.0.6\bin\vcruntime140.dll
0x00007ffb2d990000 - 0x00007ffb2da3a000 	C:\Program Files\Java\jdk-11.0.6\bin\msvcp140.dll
0x00007ffb0b9d0000 - 0x00007ffb0c4f9000 	C:\Program Files\Java\jdk-11.0.6\bin\server\jvm.dll
0x00007ffb43640000 - 0x00007ffb43648000 	C:\WINDOWS\System32\PSAPI.DLL
0x00007ffb27e40000 - 0x00007ffb27e49000 	C:\WINDOWS\SYSTEM32\WSOCK32.dll
0x00007ffb3eab0000 - 0x00007ffb3ead4000 	C:\WINDOWS\SYSTEM32\WINMM.dll
0x00007ffb429a0000 - 0x00007ffb42a0f000 	C:\WINDOWS\System32\WS2_32.dll
0x00007ffb3e980000 - 0x00007ffb3e9ad000 	C:\WINDOWS\SYSTEM32\winmmbase.dll
0x00007ffb40fc0000 - 0x00007ffb4100a000 	C:\WINDOWS\System32\cfgmgr32.dll
0x00007ffb40af0000 - 0x00007ffb40b01000 	C:\WINDOWS\System32\kernel.appcore.dll
0x00007ffb3c4d0000 - 0x00007ffb3c4e1000 	C:\Program Files\Java\jdk-11.0.6\bin\verify.dll
0x00007ffb2cc50000 - 0x00007ffb2ce44000 	C:\WINDOWS\SYSTEM32\DBGHELP.DLL
0x00007ffb2c980000 - 0x00007ffb2c9aa000 	C:\WINDOWS\SYSTEM32\dbgcore.DLL
0x00007ffb3b890000 - 0x00007ffb3b8b9000 	C:\Program Files\Java\jdk-11.0.6\bin\java.dll
0x00007ffb3be00000 - 0x00007ffb3be16000 	C:\Program Files\Java\jdk-11.0.6\bin\zip.dll
0x00007ffb3b8d0000 - 0x00007ffb3b8da000 	C:\Program Files\Java\jdk-11.0.6\bin\jimage.dll

dbghelp: loaded successfully - version: 4.0.5 - missing functions: none
symbol engine: initialized successfully - sym options: 0x614 - pdb path: .;C:\Program Files\Java\jdk-11.0.6\bin;C:\WINDOWS\SYSTEM32;C:\WINDOWS\WinSxS\amd64_microsoft.windows.common-controls_6595b64144ccf1df_6.0.18362.720_none_e6beb5c51314836b;C:\Program Files\Java\jdk-11.0.6\bin\server

VM Arguments:
jvm_args: -Dcom.sun.management.jmxremote -Dcom.sun.management.jmxremote.port=61711 -Dcom.sun.management.jmxremote.authenticate=false -Dcom.sun.management.jmxremote.ssl=false -Djava.rmi.server.hostname=localhost -Dspring.jmx.enabled=true -Dspring.liveBeansView.mbeanDomain -Dspring.application.admin.enabled=true -Xverify:none -XX:TieredStopAtLevel=1 -Dspring.boot.project.name=Estoque -Dfile.encoding=UTF-8 
java_command: br.com.fapen.estoque.EstoqueApplication
java_class_path (initial): C:\Users\fabia\eclipse-workspace\Estoque\target\classes;C:\Users\fabia\.m2\repository\org\springframework\boot\spring-boot-starter-data-jpa\2.2.5.RELEASE\spring-boot-starter-data-jpa-2.2.5.RELEASE.jar;C:\Users\fabia\.m2\repository\org\springframework\boot\spring-boot-starter-aop\2.2.5.RELEASE\spring-boot-starter-aop-2.2.5.RELEASE.jar;C:\Users\fabia\.m2\repository\org\springframework\spring-aop\5.2.4.RELEASE\spring-aop-5.2.4.RELEASE.jar;C:\Users\fabia\.m2\repository\org\aspectj\aspectjweaver\1.9.5\aspectjweaver-1.9.5.jar;C:\Users\fabia\.m2\repository\org\springframework\boot\spring-boot-starter-jdbc\2.2.5.RELEASE\spring-boot-starter-jdbc-2.2.5.RELEASE.jar;C:\Users\fabia\.m2\repository\com\zaxxer\HikariCP\3.4.2\HikariCP-3.4.2.jar;C:\Users\fabia\.m2\repository\org\springframework\spring-jdbc\5.2.4.RELEASE\spring-jdbc-5.2.4.RELEASE.jar;C:\Users\fabia\.m2\repository\jakarta\activation\jakarta.activation-api\1.2.2\jakarta.activation-api-1.2.2.jar;C:\Users\fabia\.m2\repository\jakarta\persistence\jakarta.persistence-api\2.2.3\jakarta.persistence-api-2.2.3.jar;C:\Users\fabia\.m2\repository\jakarta\transaction\jakarta.transaction-api\1.3.3\jakarta.transaction-api-1.3.3.jar;C:\Users\fabia\.m2\repository\org\hibernate\hibernate-core\5.4.12.Final\hibernate-core-5.4.12.Final.jar;C:\Users\fabia\.m2\repository\org\jboss\logging\jboss-logging\3.4.1.Final\jboss-logging-3.4.1.Final.jar;C:\Users\fabia\.m2\repository\org\javassist\javassist\3.24.0-GA\javassist-3.24.0-GA.jar;C:\Users\fabia\.m2\repository\net\bytebuddy\byte-buddy\1.10.8\byte-buddy-1.10.8.jar;C:\Users\fabia\.m2\repository\antlr\antlr\2.7.7\antlr-2.7.7.jar;C:\Users\fabia\.m2\repository\org\jboss\jandex\2.1.1.Final\jandex-2.1.1.Final.jar;C:\Users\fabia\.m2\repository\com\fasterxml\classmate\1.5.1\classmate-1.5.1.jar;C:\Users\fabia\.m2\repository\org\dom4j\dom4j\2.1.1\dom4j-2.1.1.jar;C:\Users\fabia\.m2\repository\org\hibernate\common\hibernate-commons-annotations\5.1.0.Final\hibernate-commons-ann
Launcher Type: SUN_STANDARD

[Global flags]
     bool BytecodeVerificationLocal                = false                                     {product} {command line}
     bool BytecodeVerificationRemote               = false                                     {product} {command line}
     intx CICompilerCount                          = 3                                         {product} {ergonomic}
     uint ConcGCThreads                            = 1                                         {product} {ergonomic}
     uint G1ConcRefinementThreads                  = 4                                         {product} {ergonomic}
   size_t G1HeapRegionSize                         = 1048576                                   {product} {ergonomic}
    uintx GCDrainStackTargetSize                   = 64                                        {product} {ergonomic}
   size_t InitialHeapSize                          = 134217728                                 {product} {ergonomic}
     bool ManagementServer                         = true                                      {product} {command line}
   size_t MarkStackSize                            = 4194304                                   {product} {ergonomic}
   size_t MaxHeapSize                              = 2118123520                                {product} {ergonomic}
   size_t MinHeapDeltaBytes                        = 1048576                                   {product} {ergonomic}
    uintx NonNMethodCodeHeapSize                   = 6973028                                {pd product} {ergonomic}
    uintx NonProfiledCodeHeapSize                  = 244685212                              {pd product} {ergonomic}
    uintx ProfiledCodeHeapSize                     = 0                                      {pd product} {ergonomic}
    uintx ReservedCodeCacheSize                    = 251658240                              {pd product} {ergonomic}
     bool SegmentedCodeCache                       = true                                      {product} {ergonomic}
     intx TieredStopAtLevel                        = 1                                         {product} {command line}
     bool UseCompressedClassPointers               = true                                 {lp64_product} {ergonomic}
     bool UseCompressedOops                        = true                                 {lp64_product} {ergonomic}
     bool UseG1GC                                  = true                                      {product} {ergonomic}
     bool UseLargePagesIndividualAllocation        = false                                  {pd product} {ergonomic}

Logging:
Log output configuration:
 #0: stdout all=warning uptime,level,tags
 #1: stderr all=off uptime,level,tags

Environment Variables:
JAVA_HOME=C:\Program Files\Java\jdk-11.0.6
PATH=C:/Program Files/Java/jdk-11.0.6/bin/server;C:/Program Files/Java/jdk-11.0.6/bin;C:\Program Files\Java\jdk-11.0.6\bin;C:\Program Files (x86)\Common Files\Oracle\Java\javapath;C:\WINDOWS\system32;C:\WINDOWS;C:\WINDOWS\System32\Wbem;C:\WINDOWS\System32\WindowsPowerShell\v1.0\;C:\WINDOWS\System32\OpenSSH\;C:\Program Files\Microsoft SQL Server\130\Tools\Binn\;C:\Program Files (x86)\AMD\ATI.ACE\Core-Static;C:\Program Files\Git\cmd;C:\Program Files\Git\mingw64\bin;C:\Program Files\Git\usr\bin;C:\Users\fabia\eclipse-workspace\apache-maven-3.6.3\bin;C:\Program Files\MySQL\MySQL Shell 8.0\bin\;C:\Users\fabia\AppData\Local\Programs\Microsoft VS Code\bin;C:\Users\fabia\AppData\Local\Microsoft\WindowsApps;;C:\Users\fabia\OneDrive\Área de Trabalho;
USERNAME=fabia
OS=Windows_NT
PROCESSOR_IDENTIFIER=Intel64 Family 6 Model 69 Stepping 1, GenuineIntel



---------------  S Y S T E M  ---------------

OS: Windows 10 , 64 bit Build 18362 (10.0.18362.329)

CPU:total 4 (initial active 4) (2 cores per cpu, 2 threads per core) family 6 model 69 stepping 1, cmov, cx8, fxsr, mmx, sse, sse2, sse3, ssse3, sse4.1, sse4.2, popcnt, avx, avx2, aes, clmul, erms, lzcnt, ht, tsc, tscinvbit, bmi1, bmi2, fma

Memory: 4k page, system-wide physical 8072M (223M free)
TotalPageFile size 32648M (AvailPageFile size 74M)
current process WorkingSet (physical memory assigned to process): 9M, peak: 9M
current process commit charge ("private bytes"): 49M, peak: 177M

vm_info: Java HotSpot(TM) 64-Bit Server VM (11.0.6+8-LTS) for windows-amd64 JRE (11.0.6+8-LTS), built on Dec 11 2019 09:17:57 by "mach5one" with MS VC++ 15.5 (VS2017)

END.
